SF:lib/domain/models/credentials.model.dart
DA:12,1
DA:16,0
DA:19,0
LF:3
LH:1
end_of_record
SF:lib/domain/models/credentials.model.g.dart
DA:9,0
DA:10,0
DA:11,0
DA:14,0
DA:15,0
DA:16,0
DA:17,0
LF:7
LH:0
end_of_record
SF:lib/domain/models/user.model.dart
DA:17,1
DA:25,0
DA:28,0
LF:3
LH:1
end_of_record
SF:lib/domain/models/user.model.g.dart
DA:9,0
DA:10,0
DA:11,0
DA:13,0
DA:14,0
DA:15,0
DA:16,0
DA:17,0
DA:18,0
DA:21,0
DA:22,0
DA:23,0
DA:24,0
DA:25,0
DA:26,0
DA:27,0
LF:16
LH:0
end_of_record
SF:lib/domain/states/states.account.dart
DA:9,0
DA:12,0
DA:20,0
DA:24,0
DA:30,0
DA:34,0
LF:6
LH:0
end_of_record
SF:lib/viewModels/account.viewmodel/account.viewmodel.implementation.dart
DA:9,1
DA:12,0
DA:13,0
DA:14,0
DA:15,0
DA:17,0
DA:18,0
DA:19,0
DA:22,0
DA:23,0
DA:29,0
DA:30,0
DA:31,0
DA:32,0
DA:33,0
DA:34,0
DA:37,0
DA:38,0
LF:18
LH:1
end_of_record
SF:lib/viewModels/account.viewmodel/repository.viewModels.repositoryImpl.dart
DA:7,1
DA:11,0
DA:12,0
DA:13,0
DA:14,0
DA:16,0
DA:21,0
DA:22,0
DA:23,0
DA:25,0
LF:10
LH:1
end_of_record
SF:lib/core/http/http.dart
DA:9,0
DA:20,0
DA:28,0
DA:36,0
DA:41,0
DA:42,0
DA:45,0
DA:50,0
DA:51,0
DA:54,0
DA:59,0
DA:60,0
DA:74,1
DA:76,2
DA:77,0
DA:79,1
DA:81,3
DA:85,0
DA:86,0
DA:87,0
DA:90,0
DA:91,0
DA:92,0
DA:93,0
DA:94,0
DA:95,0
DA:99,0
DA:100,0
DA:101,0
DA:102,0
DA:105,0
DA:106,0
DA:107,0
DA:111,0
DA:113,0
LF:35
LH:4
end_of_record
SF:lib/core/http/routes.dart
DA:6,0
DA:7,0
LF:2
LH:0
end_of_record
SF:lib/domain/models/order.model.dart
DA:19,0
DA:25,0
DA:28,0
LF:3
LH:0
end_of_record
SF:lib/domain/models/order.model.g.dart
DA:9,0
DA:10,0
DA:11,0
DA:13,0
DA:14,0
DA:15,0
DA:16,0
DA:19,0
DA:20,0
DA:21,0
DA:22,0
DA:23,0
LF:12
LH:0
end_of_record
SF:lib/domain/models/paymentType.model.dart
DA:9,0
DA:12,0
DA:15,0
LF:3
LH:0
end_of_record
SF:lib/domain/models/paymentType.model.g.dart
DA:9,0
DA:10,0
DA:13,0
DA:14,0
DA:15,0
LF:5
LH:0
end_of_record
SF:lib/domain/models/story.model.dart
DA:12,0
DA:17,0
DA:20,0
LF:3
LH:0
end_of_record
SF:lib/domain/models/story.model.g.dart
DA:9,0
DA:10,0
DA:11,0
DA:12,0
DA:13,0
DA:14,0
DA:17,0
DA:18,0
DA:19,0
DA:20,0
LF:10
LH:0
end_of_record
SF:lib/domain/models/product.model.dart
DA:13,0
DA:20,0
DA:23,0
LF:3
LH:0
end_of_record
SF:lib/domain/models/product.model.g.dart
DA:9,0
DA:10,0
DA:11,0
DA:12,0
DA:13,0
DA:14,0
DA:17,0
DA:18,0
DA:19,0
DA:20,0
DA:21,0
DA:22,0
LF:12
LH:0
end_of_record
SF:lib/domain/models/results.model.dart
DA:13,0
DA:20,0
DA:23,0
LF:3
LH:0
end_of_record
SF:lib/domain/models/results.model.g.dart
DA:9,0
DA:10,0
DA:11,0
DA:12,0
DA:13,0
DA:14,0
DA:17,0
DA:18,0
DA:19,0
DA:20,0
DA:21,0
DA:22,0
LF:12
LH:0
end_of_record
SF:lib/shared/main.statics.dart
DA:12,0
LF:1
LH:0
end_of_record
